<?xml version="1.0" encoding="UTF-8"?>
<testsuite name="com.Bleedy.Instrument.TransportManagerTest" tests="1" skipped="0" failures="0" errors="0" timestamp="2020-08-24T20:26:09" hostname="HOME-PC" time="1.229">
  <properties/>
  <testcase name="testSentWeaver()" classname="com.Bleedy.Instrument.TransportManagerTest" time="1.229"/>
  <system-out><![CDATA[23:26:07.799 [Test worker] DEBUG org.springframework.test.context.BootstrapUtils - Instantiating CacheAwareContextLoaderDelegate from class [org.springframework.test.context.cache.DefaultCacheAwareContextLoaderDelegate]
23:26:07.813 [Test worker] DEBUG org.springframework.test.context.BootstrapUtils - Instantiating BootstrapContext using constructor [public org.springframework.test.context.support.DefaultBootstrapContext(java.lang.Class,org.springframework.test.context.CacheAwareContextLoaderDelegate)]
23:26:07.843 [Test worker] DEBUG org.springframework.test.context.BootstrapUtils - Instantiating TestContextBootstrapper for test class [com.Bleedy.Instrument.TransportManagerTest] from class [org.springframework.boot.test.context.SpringBootTestContextBootstrapper]
23:26:07.861 [Test worker] INFO org.springframework.boot.test.context.SpringBootTestContextBootstrapper - Neither @ContextConfiguration nor @ContextHierarchy found for test class [com.Bleedy.Instrument.TransportManagerTest], using SpringBootContextLoader
23:26:07.864 [Test worker] DEBUG org.springframework.test.context.support.AbstractContextLoader - Did not detect default resource location for test class [com.Bleedy.Instrument.TransportManagerTest]: class path resource [com/Bleedy/Instrument/TransportManagerTest-context.xml] does not exist
23:26:07.865 [Test worker] DEBUG org.springframework.test.context.support.AbstractContextLoader - Did not detect default resource location for test class [com.Bleedy.Instrument.TransportManagerTest]: class path resource [com/Bleedy/Instrument/TransportManagerTestContext.groovy] does not exist
23:26:07.865 [Test worker] INFO org.springframework.test.context.support.AbstractContextLoader - Could not detect default resource locations for test class [com.Bleedy.Instrument.TransportManagerTest]: no resource found for suffixes {-context.xml, Context.groovy}.
23:26:07.906 [Test worker] DEBUG org.springframework.test.context.support.ActiveProfilesUtils - Could not find an 'annotation declaring class' for annotation type [org.springframework.test.context.ActiveProfiles] and class [com.Bleedy.Instrument.TransportManagerTest]
23:26:08.040 [Test worker] DEBUG org.springframework.boot.test.context.SpringBootTestContextBootstrapper - @TestExecutionListeners is not present for class [com.Bleedy.Instrument.TransportManagerTest]: using defaults.
23:26:08.040 [Test worker] INFO org.springframework.boot.test.context.SpringBootTestContextBootstrapper - Loaded default TestExecutionListener class names from location [META-INF/spring.factories]: [org.springframework.boot.test.autoconfigure.restdocs.RestDocsTestExecutionListener, org.springframework.boot.test.autoconfigure.web.client.MockRestServiceServerResetTestExecutionListener, org.springframework.boot.test.autoconfigure.web.servlet.MockMvcPrintOnlyOnFailureTestExecutionListener, org.springframework.boot.test.autoconfigure.web.servlet.WebDriverTestExecutionListener, org.springframework.boot.test.autoconfigure.webservices.client.MockWebServiceServerTestExecutionListener, org.springframework.boot.test.mock.mockito.MockitoTestExecutionListener, org.springframework.boot.test.mock.mockito.ResetMocksTestExecutionListener, org.springframework.test.context.web.ServletTestExecutionListener, org.springframework.test.context.support.DirtiesContextBeforeModesTestExecutionListener, org.springframework.test.context.support.DependencyInjectionTestExecutionListener, org.springframework.test.context.support.DirtiesContextTestExecutionListener, org.springframework.test.context.transaction.TransactionalTestExecutionListener, org.springframework.test.context.jdbc.SqlScriptsTestExecutionListener, org.springframework.test.context.event.EventPublishingTestExecutionListener]
23:26:08.052 [Test worker] DEBUG org.springframework.boot.test.context.SpringBootTestContextBootstrapper - Skipping candidate TestExecutionListener [org.springframework.test.context.transaction.TransactionalTestExecutionListener] due to a missing dependency. Specify custom listener classes or make the default listener classes and their required dependencies available. Offending class: [org/springframework/transaction/interceptor/TransactionAttributeSource]
23:26:08.053 [Test worker] DEBUG org.springframework.boot.test.context.SpringBootTestContextBootstrapper - Skipping candidate TestExecutionListener [org.springframework.test.context.jdbc.SqlScriptsTestExecutionListener] due to a missing dependency. Specify custom listener classes or make the default listener classes and their required dependencies available. Offending class: [org/springframework/transaction/interceptor/TransactionAttribute]
23:26:08.054 [Test worker] INFO org.springframework.boot.test.context.SpringBootTestContextBootstrapper - Using TestExecutionListeners: [org.springframework.test.context.web.ServletTestExecutionListener@368651ce, org.springframework.test.context.support.DirtiesContextBeforeModesTestExecutionListener@60217e87, org.springframework.boot.test.mock.mockito.MockitoTestExecutionListener@7f56e5ae, org.springframework.boot.test.autoconfigure.SpringBootDependencyInjectionTestExecutionListener@53debde0, org.springframework.test.context.support.DirtiesContextTestExecutionListener@57d29e74, org.springframework.test.context.event.EventPublishingTestExecutionListener@3cec074f, org.springframework.boot.test.autoconfigure.restdocs.RestDocsTestExecutionListener@74dffee9, org.springframework.boot.test.autoconfigure.web.client.MockRestServiceServerResetTestExecutionListener@52486c2f, org.springframework.boot.test.autoconfigure.web.servlet.MockMvcPrintOnlyOnFailureTestExecutionListener@11aa792c, org.springframework.boot.test.autoconfigure.web.servlet.WebDriverTestExecutionListener@4da0c229, org.springframework.boot.test.autoconfigure.webservices.client.MockWebServiceServerTestExecutionListener@468355c2, org.springframework.boot.test.mock.mockito.ResetMocksTestExecutionListener@57bb6029]
23:26:08.058 [Test worker] DEBUG org.springframework.test.context.support.AbstractDirtiesContextTestExecutionListener - Before test class: context [DefaultTestContext@5d3eba4d testClass = TransportManagerTest, testInstance = [null], testMethod = [null], testException = [null], mergedContextConfiguration = [WebMergedContextConfiguration@2451abe3 testClass = TransportManagerTest, locations = '{}', classes = '{class com.Bleedy.Application, class com.Bleedy.Application}', contextInitializerClasses = '[]', activeProfiles = '{}', propertySourceLocations = '{}', propertySourceProperties = '{org.springframework.boot.test.context.SpringBootTestContextBootstrapper=true}', contextCustomizers = set[org.springframework.boot.test.autoconfigure.properties.PropertyMappingContextCustomizer@0, org.springframework.boot.test.autoconfigure.web.servlet.WebDriverContextCustomizerFactory$Customizer@350f62ef, org.springframework.boot.test.context.filter.ExcludeFilterContextCustomizer@5b80b0a7, org.springframework.boot.test.json.DuplicateJsonObjectContextCustomizerFactory$DuplicateJsonObjectContextCustomizer@37c825cd, org.springframework.boot.test.mock.mockito.MockitoContextCustomizer@0, org.springframework.boot.test.web.client.TestRestTemplateContextCustomizer@6a8b9aba, org.springframework.boot.test.context.SpringBootTestArgs@1], resourceBasePath = 'src/main/webapp', contextLoader = 'org.springframework.boot.test.context.SpringBootContextLoader', parent = [null]], attributes = map['org.springframework.test.context.web.ServletTestExecutionListener.activateListener' -> true]], class annotated with @DirtiesContext [false] with mode [null].
23:26:08.090 [Test worker] DEBUG org.springframework.test.context.support.TestPropertySourceUtils - Adding inlined properties to environment: {spring.jmx.enabled=false, org.springframework.boot.test.context.SpringBootTestContextBootstrapper=true}

  .   ____          _            __ _ _
 /\\ / ___'_ __ _ _(_)_ __  __ _ \ \ \ \
( ( )\___ | '_ | '_| | '_ \/ _` | \ \ \ \
 \\/  ___)| |_)| | | | | || (_| |  ) ) ) )
  '  |____| .__|_| |_|_| |_\__, | / / / /
 =========|_|==============|___/=/_/_/_/
 :: Spring Boot ::        (v2.3.3.RELEASE)

2020-08-24 23:26:08.306  WARN 15224 --- [    Test worker] ory$DuplicateJsonObjectContextCustomizer : 

Found multiple occurrences of org.json.JSONObject on the class path:

	jar:file:/C:/Users/Bleedy/.gradle/caches/modules-2/files-2.1/org.json/json/20160212/a742e3f85161835b95877478c5dd5b405cefaab9/json-20160212.jar!/org/json/JSONObject.class
	jar:file:/C:/Users/Bleedy/.gradle/caches/modules-2/files-2.1/com.vaadin.external.google/android-json/0.0.20131108.vaadin1/fa26d351fe62a6a17f5cda1287c1c6110dec413f/android-json-0.0.20131108.vaadin1.jar!/org/json/JSONObject.class

You may wish to exclude one of them to ensure predictable runtime behavior

2020-08-24 23:26:08.320  INFO 15224 --- [    Test worker] c.B.Instrument.TransportManagerTest      : Starting TransportManagerTest on HOME-PC with PID 15224 (started by Bleedy in C:\Users\Bleedy\Task for test)
2020-08-24 23:26:08.321  INFO 15224 --- [    Test worker] c.B.Instrument.TransportManagerTest      : No active profile set, falling back to default profiles: default
2020-08-24 23:26:09.399  INFO 15224 --- [    Test worker] o.s.s.concurrent.ThreadPoolTaskExecutor  : Initializing ExecutorService 'applicationTaskExecutor'
2020-08-24 23:26:09.615  WARN 15224 --- [    Test worker] ion$DefaultTemplateResolverConfiguration : Cannot find template location: classpath:/templates/ (please add some templates or check your Thymeleaf configuration)
2020-08-24 23:26:09.727  INFO 15224 --- [    Test worker] c.B.Instrument.TransportManagerTest      : Started TransportManagerTest in 1.627 seconds (JVM running for 2.781)
]]></system-out>
  <system-err><![CDATA[]]></system-err>
</testsuite>
